<?xml version="1.0" encoding="UTF-8"?>
<testsuite xmlns:xsi="http://www.w3.org/2001/XMLSchema-instance" xsi:noNamespaceSchemaLocation="https://maven.apache.org/surefire/maven-surefire-plugin/xsd/surefire-test-report-3.0.xsd" version="3.0" name="com.shinepublicschool.ShinePublicSchoolWebAppApplicationTests" time="7.902" tests="1" errors="0" skipped="0" failures="0">
  <properties>
[...]
</properties>
  <testcase name="contextLoads" classname="com.shinepublicschool.ShinePublicSchoolWebAppApplicationTests" time="0.326">
    <system-out><![CDATA[18:40:55.700 [main] INFO org.springframework.test.context.support.AnnotationConfigContextLoaderUtils -- Could not detect default configuration classes for test class [com.shinepublicschool.ShinePublicSchoolWebAppApplicationTests]: ShinePublicSchoolWebAppApplicationTests does not declare any static, non-private, non-final, nested classes annotated with @Configuration.
18:40:55.788 [main] INFO org.springframework.boot.test.context.SpringBootTestContextBootstrapper -- Found @SpringBootConfiguration com.shinepublicschool.ShinePublicSchoolWebAppApplication for test class com.shinepublicschool.ShinePublicSchoolWebAppApplicationTests
18:40:55.925 [main] INFO org.springframework.boot.devtools.restart.RestartApplicationListener -- Restart disabled due to context in which it is running
  .   ____          _            __ _ _
 /\\ / ___'_ __ _ _(_)_ __  __ _ \ \ \ \
( ( )\___ | '_ | '_| | '_ \/ _` | \ \ \ \
 \\/  ___)| |_)| | | | | || (_| |  ) ) ) )
  '  |____| .__|_| |_|_| |_\__, | / / / /
 =========|_|==============|___/=/_/_/_/

 :: Spring Boot ::                (v3.3.0)

2026-05-17T18:40:56.890+05:30  INFO 9588 --- [Shine-Public-School-WebApp] [           main] .s.d.r.c.RepositoryConfigurationDelegate : Bootstrapping Spring Data JPA repositories in DEFAULT mode.
2026-05-17T18:40:56.981+05:30  INFO 9588 --- [Shine-Public-School-WebApp] [           main] .s.d.r.c.RepositoryConfigurationDelegate : Finished Spring Data repository scanning in 84 ms. Found 7 JPA repository interfaces.
2026-05-17T18:40:57.652+05:30  INFO 9588 --- [Shine-Public-School-WebApp] [           main] o.s.cloud.context.scope.GenericScope     : BeanFactory id=3bb83ff8-710d-3d65-aac7-39937869210d
2026-05-17T18:40:58.076+05:30  WARN 9588 --- [Shine-Public-School-WebApp] [           main] trationDelegate$BeanPostProcessorChecker : Bean 'org.springframework.cloud.client.loadbalancer.LoadBalancerAutoConfiguration$DeferringLoadBalancerInterceptorConfig' of type [org.springframework.cloud.client.loadbalancer.LoadBalancerAutoConfiguration$DeferringLoadBalancerInterceptorConfig] is not eligible for getting processed by all BeanPostProcessors (for example: not eligible for auto-proxying). The currently created BeanPostProcessor [lbRestClientPostProcessor] is declared through a non-static factory method on that class; consider declaring it as static instead.
2026-05-17T18:40:58.080+05:30  WARN 9588 --- [Shine-Public-School-WebApp] [           main] trationDelegate$BeanPostProcessorChecker : Bean 'deferringLoadBalancerInterceptor' of type [org.springframework.cloud.client.loadbalancer.DeferringLoadBalancerInterceptor] is not eligible for getting processed by all BeanPostProcessors (for example: not eligible for auto-proxying). Is this bean getting eagerly injected into a currently created BeanPostProcessor [lbRestClientPostProcessor]? Check the corresponding BeanPostProcessor declaration and its dependencies.
2026-05-17T18:40:58.084+05:30  WARN 9588 --- [Shine-Public-School-WebApp] [           main] trationDelegate$BeanPostProcessorChecker : Bean 'org.springframework.cloud.client.loadbalancer.reactive.LoadBalancerBeanPostProcessorAutoConfiguration' of type [org.springframework.cloud.client.loadbalancer.reactive.LoadBalancerBeanPostProcessorAutoConfiguration] is not eligible for getting processed by all BeanPostProcessors (for example: not eligible for auto-proxying). The currently created BeanPostProcessor [loadBalancerWebClientBuilderBeanPostProcessor] is declared through a non-static factory method on that class; consider declaring it as static instead.
2026-05-17T18:40:58.086+05:30  WARN 9588 --- [Shine-Public-School-WebApp] [           main] trationDelegate$BeanPostProcessorChecker : Bean 'org.springframework.cloud.client.loadbalancer.reactive.LoadBalancerBeanPostProcessorAutoConfiguration$ReactorDeferringLoadBalancerFilterConfig' of type [org.springframework.cloud.client.loadbalancer.reactive.LoadBalancerBeanPostProcessorAutoConfiguration$ReactorDeferringLoadBalancerFilterConfig] is not eligible for getting processed by all BeanPostProcessors (for example: not eligible for auto-proxying). Is this bean getting eagerly injected into a currently created BeanPostProcessor [loadBalancerWebClientBuilderBeanPostProcessor]? Check the corresponding BeanPostProcessor declaration and its dependencies.
2026-05-17T18:40:58.088+05:30  WARN 9588 --- [Shine-Public-School-WebApp] [           main] trationDelegate$BeanPostProcessorChecker : Bean 'reactorDeferringLoadBalancerExchangeFilterFunction' of type [org.springframework.cloud.client.loadbalancer.reactive.DeferringLoadBalancerExchangeFilterFunction] is not eligible for getting processed by all BeanPostProcessors (for example: not eligible for auto-proxying). Is this bean getting eagerly injected into a currently created BeanPostProcessor [loadBalancerWebClientBuilderBeanPostProcessor]? Check the corresponding BeanPostProcessor declaration and its dependencies.
2026-05-17T18:40:58.266+05:30  INFO 9588 --- [Shine-Public-School-WebApp] [           main] o.hibernate.jpa.internal.util.LogHelper  : HHH000204: Processing PersistenceUnitInfo [name: default]
2026-05-17T18:40:58.330+05:30  INFO 9588 --- [Shine-Public-School-WebApp] [           main] org.hibernate.Version                    : HHH000412: Hibernate ORM core version 6.5.2.Final
2026-05-17T18:40:58.368+05:30  INFO 9588 --- [Shine-Public-School-WebApp] [           main] o.h.c.internal.RegionFactoryInitiator    : HHH000026: Second-level cache disabled
2026-05-17T18:40:58.672+05:30  INFO 9588 --- [Shine-Public-School-WebApp] [           main] o.s.o.j.p.SpringPersistenceUnitInfo      : No LoadTimeWeaver setup: ignoring JPA class transformer
2026-05-17T18:40:58.689+05:30  INFO 9588 --- [Shine-Public-School-WebApp] [           main] com.zaxxer.hikari.HikariDataSource       : HikariPool-1 - Starting...
2026-05-17T18:40:58.957+05:30  INFO 9588 --- [Shine-Public-School-WebApp] [           main] com.zaxxer.hikari.pool.HikariPool        : HikariPool-1 - Added connection com.mysql.cj.jdbc.ConnectionImpl@9f52eb7
2026-05-17T18:40:58.959+05:30  INFO 9588 --- [Shine-Public-School-WebApp] [           main] com.zaxxer.hikari.HikariDataSource       : HikariPool-1 - Start completed.
2026-05-17T18:40:59.902+05:30  INFO 9588 --- [Shine-Public-School-WebApp] [           main] o.h.e.t.j.p.i.JtaPlatformInitiator       : HHH000489: No JTA platform available (set 'hibernate.transaction.jta.platform' to enable JTA platform integration)
2026-05-17T18:40:59.905+05:30  INFO 9588 --- [Shine-Public-School-WebApp] [           main] j.LocalContainerEntityManagerFactoryBean : Initialized JPA EntityManagerFactory for persistence unit 'default'
2026-05-17T18:41:00.632+05:30  WARN 9588 --- [Shine-Public-School-WebApp] [           main] JpaBaseConfiguration$JpaWebConfiguration : spring.jpa.open-in-view is enabled by default. Therefore, database queries may be performed during view rendering. Explicitly configure spring.jpa.open-in-view to disable this warning
2026-05-17T18:41:00.856+05:30  INFO 9588 --- [Shine-Public-School-WebApp] [           main] eAuthenticationProviderManagerConfigurer : Global AuthenticationManager configured with AuthenticationProvider bean with name shinePublicSchoolNonProdUsernamePasswordAuthenticationProvider
2026-05-17T18:41:01.756+05:30  INFO 9588 --- [Shine-Public-School-WebApp] [           main] o.s.b.a.e.web.EndpointLinksResolver      : Exposing 16 endpoints beneath base path '/actuator'
2026-05-17T18:41:01.901+05:30  INFO 9588 --- [Shine-Public-School-WebApp] [           main] o.s.s.web.DefaultSecurityFilterChain     : Will secure any request with [org.springframework.security.web.session.DisableEncodeUrlFilter@794ffe22, org.springframework.security.web.context.request.async.WebAsyncManagerIntegrationFilter@2da16d31, org.springframework.security.web.context.SecurityContextHolderFilter@705606ac, org.springframework.security.web.header.HeaderWriterFilter@69bf351e, org.springframework.web.filter.CorsFilter@74a15f4, org.springframework.security.web.csrf.CsrfFilter@6f21c18f, org.springframework.security.web.authentication.logout.LogoutFilter@e870441, org.springframework.security.web.authentication.UsernamePasswordAuthenticationFilter@46933c4, org.springframework.security.web.authentication.www.BasicAuthenticationFilter@228ed68c, org.springframework.security.web.savedrequest.RequestCacheAwareFilter@8f2513c, org.springframework.security.web.servletapi.SecurityContextHolderAwareRequestFilter@5d9ac1ff, org.springframework.security.web.authentication.AnonymousAuthenticationFilter@125c443, org.springframework.security.web.access.ExceptionTranslationFilter@6ea48ca1, org.springframework.security.web.access.intercept.AuthorizationFilter@1ff359b7]
2026-05-17T18:41:02.957+05:30  WARN 9588 --- [Shine-Public-School-WebApp] [           main] iguration$LoadBalancerCaffeineWarnLogger : Spring Cloud LoadBalancer is currently working with the default cache. While this cache implementation is useful for development and tests, it's recommended to use Caffeine cache in production.You can switch to using Caffeine cache, by adding it and org.springframework.cache.caffeine.CaffeineCacheManager to the classpath.
]]></system-out>
    <system-err><![CDATA[WARNING: A Java agent has been loaded dynamically (C:\Users\anujv\.m2\repository\net\bytebuddy\byte-buddy-agent\1.14.16\byte-buddy-agent-1.14.16.jar)
WARNING: If a serviceability tool is in use, please run with -XX:+EnableDynamicAgentLoading to hide this warning
WARNING: If a serviceability tool is not in use, please run with -Djdk.instrument.traceUsage for more information
WARNING: Dynamic loading of agents will be disallowed by default in a future release
]]></system-err>
  </testcase>
</testsuite>